<?xml version="1.0" encoding="UTF-8"?>
<!-- Generated by org.testng.reporters.JUnitReportReporter -->
<testsuite hostname="DESKTOP-IK62798" failures="0" tests="3" name="CreateInsurance" time="32.803" errors="0" timestamp="2024-05-20T01:03:24 IST" skipped="0">
  <testcase classname="CreateInsurance" name="loginToInsurance" time="3.079">
    <system-out>
      <![CDATA[Login Successful]]>
    </system-out>
  </testcase> <!-- loginToInsurance -->
  <testcase classname="CreateInsurance" name="CreateInsuranceCredit" time="16.333">
    <system-out>
      <![CDATA[Creating New Insurance
Adding Product Details
Adding Customer Details
Confirming All details
Adding payment details 
Insurance created Successfully with credit card payment]]>
    </system-out>
  </testcase> <!-- CreateInsuranceCredit -->
  <testcase classname="CreateInsurance" name="CreateInsuranceDebit" time="13.391">
    <system-out>
      <![CDATA[Creating New Insurance
Adding Product Details
Adding Customer Details
Confirming Customer Details
Adding Debit Detail
Insurance created Successfully with credit card payment]]>
    </system-out>
  </testcase> <!-- CreateInsuranceDebit -->
  <system-out>
    <![CDATA[------Test Started--------
Login Successful
------Test Started--------
Creating New Insurance
Adding Product Details
Adding Customer Details
Confirming All details
Adding payment details 
Insurance created Successfully with credit card payment
------Test Started--------
Creating New Insurance
Adding Product Details
Adding Customer Details
Confirming Customer Details
Adding Debit Detail
Insurance created Successfully with credit card payment]]>
  </system-out>
</testsuite> <!-- CreateInsurance -->
